<?xml version="1.0" encoding="UTF-8"?>
<!-- Generated by org.testng.reporters.JUnitReportReporter -->
<testsuite hostname="LIN49002345" name="RestAssuredAPITesting.RestAssuredAPITesting.App" tests="1" failures="0" timestamp="27 Feb 2021 19:16:08 GMT" time="3.853" errors="0">
  <testcase name="GetUserDetails" time="3.853" classname="RestAssuredAPITesting.RestAssuredAPITesting.App"/>
</testsuite> <!-- RestAssuredAPITesting.RestAssuredAPITesting.App -->
